  Game.cpp
  GameMap.cpp
  GameState.cpp
  LobbyState.cpp
  MenuState.cpp
  PlayingState.cpp
  Question.cpp
  QuestionPackage.cpp
g:\daten\dokumente\git\quizprojec\src\utils.hpp(31): warning C4244: 'argument': conversion from 'double' to 'T', possible loss of data
          with
          [
              T=float
          ] (compiling source file G:\Daten\Dokumente\Git\QuizProjec\src\Game.cpp)
g:\daten\dokumente\git\quizprojec\src\utils.hpp(51): warning C4244: 'argument': conversion from 'double' to 'T', possible loss of data
          with
          [
              T=float
          ] (compiling source file G:\Daten\Dokumente\Git\QuizProjec\src\Game.cpp)
g:\daten\dokumente\git\quizprojec\src\playingstate.cpp(15): warning C4244: 'argument': conversion from 'T' to 'float', possible loss of data
          with
          [
              T=unsigned int
          ]
  QuestionPackageManager.cpp
  main.cpp
  QuizProject.vcxproj -> G:\Daten\Dokumente\Git\QuizProjec\build\src\Debug\QuizProject.exe
