g:\daten\dokumente\git\quizprojec\build\src\quizproject.dir\debug\question.obj
g:\daten\dokumente\git\quizprojec\build\src\quizproject.dir\debug\questionpackagemanager.obj
g:\daten\dokumente\git\quizprojec\build\src\quizproject.dir\debug\menustate.obj
g:\daten\dokumente\git\quizprojec\build\src\quizproject.dir\debug\cmakecxxcompilerid.obj
g:\daten\dokumente\git\quizprojec\build\src\quizproject.dir\debug\questionpackage.obj
g:\daten\dokumente\git\quizprojec\build\src\quizproject.dir\debug\gamemap.obj
g:\daten\dokumente\git\quizprojec\build\src\quizproject.dir\debug\main.obj
g:\daten\dokumente\git\quizprojec\build\src\quizproject.dir\debug\game.obj
g:\daten\dokumente\git\quizprojec\build\src\quizproject.dir\debug\lobbystate.obj
g:\daten\dokumente\git\quizprojec\build\src\quizproject.dir\debug\playingstate.obj
g:\daten\dokumente\git\quizprojec\build\src\quizproject.dir\debug\gamestate.obj
g:\daten\dokumente\git\quizprojec\build\src\quizproject.dir\debug\vc141.pdb
g:\daten\dokumente\git\quizprojec\build\src\cmakefiles\generate.stamp
g:\daten\dokumente\git\quizprojec\build\src\debug\quizproject.pdb
g:\daten\dokumente\git\quizprojec\build\src\quizproject.dir\debug\quizproject.tlog\cl.command.1.tlog
g:\daten\dokumente\git\quizprojec\build\src\quizproject.dir\debug\quizproject.tlog\cl.read.1.tlog
g:\daten\dokumente\git\quizprojec\build\src\quizproject.dir\debug\quizproject.tlog\cl.write.1.tlog
g:\daten\dokumente\git\quizprojec\build\src\quizproject.dir\debug\quizproject.tlog\custombuild.command.1.tlog
g:\daten\dokumente\git\quizprojec\build\src\quizproject.dir\debug\quizproject.tlog\custombuild.read.1.tlog
g:\daten\dokumente\git\quizprojec\build\src\quizproject.dir\debug\quizproject.tlog\custombuild.write.1.tlog
g:\daten\dokumente\git\quizprojec\build\src\quizproject.dir\debug\quizproject.tlog\link-cvtres.read.1.tlog
g:\daten\dokumente\git\quizprojec\build\src\quizproject.dir\debug\quizproject.tlog\link-cvtres.write.1.tlog
g:\daten\dokumente\git\quizprojec\build\src\quizproject.dir\debug\quizproject.tlog\link-rc.read.1.tlog
g:\daten\dokumente\git\quizprojec\build\src\quizproject.dir\debug\quizproject.tlog\link-rc.write.1.tlog
g:\daten\dokumente\git\quizprojec\build\src\quizproject.dir\debug\quizproject.tlog\link.command.1.tlog
g:\daten\dokumente\git\quizprojec\build\src\quizproject.dir\debug\quizproject.tlog\link.read.1.tlog
g:\daten\dokumente\git\quizprojec\build\src\quizproject.dir\debug\quizproject.tlog\link.write.1.tlog
